\BOOKMARK [0][-]{chapter.1}{Zufallsexperimente}{}% 1
\BOOKMARK [1][-]{section.1.1}{Produktexperimente}{chapter.1}% 2
\BOOKMARK [1][-]{section.1.2}{Boole'sche Algebra}{chapter.1}% 3
\BOOKMARK [1][-]{section.1.3}{De Morgan-Regeln}{chapter.1}% 4
\BOOKMARK [1][-]{section.1.4}{Wahrscheinlichkeiten}{chapter.1}% 5
\BOOKMARK [2][-]{subsection.1.4.1}{Empirisches Gesetz der gro\337en Zahlen}{section.1.4}% 6
\BOOKMARK [0][-]{chapter.2}{Kombinatorik}{}% 7
\BOOKMARK [1][-]{section.2.1}{Urnenmodelle}{chapter.2}% 8
\BOOKMARK [1][-]{section.2.2}{Binomialkoeffizient}{chapter.2}% 9
\BOOKMARK [1][-]{section.2.3}{Bin. Lehrsatz}{chapter.2}% 10
\BOOKMARK [2][-]{subsection.2.3.1}{Pasal'sche Dreieck und Trigonometrie}{section.2.3}% 11
\BOOKMARK [1][-]{section.2.4}{Hypergeometrische Verteilung}{chapter.2}% 12
\BOOKMARK [1][-]{section.2.5}{Touren}{chapter.2}% 13
\BOOKMARK [1][-]{section.2.6}{Allgemeine hypergeometrische Verteilung}{chapter.2}% 14
\BOOKMARK [1][-]{section.2.7}{Multinomialkoeff.}{chapter.2}% 15
\BOOKMARK [2][-]{subsection.2.7.1}{Multinomialverteilung mit Zur\374cklegen}{section.2.7}% 16
\BOOKMARK [0][-]{chapter.3}{Axiome der WTheorie}{}% 17
\BOOKMARK [1][-]{section.3.1}{Eigenschaften von P}{chapter.3}% 18
\BOOKMARK [1][-]{section.3.2}{Ungleichungen f\374r Wkeiten}{chapter.3}% 19
\BOOKMARK [0][-]{chapter.4}{Bedingte Wahrscheinlichkeiten und Unabh\344ngigkeiten}{}% 20
\BOOKMARK [1][-]{section.4.1}{Eigenschaften der bedingten Wkeiten}{chapter.4}% 21
\BOOKMARK [1][-]{section.4.2}{Unabh\344ngige Ereignisse}{chapter.4}% 22
\BOOKMARK [2][-]{subsection.4.2.1}{Eigenschaften von unabh\344ngig}{section.4.2}% 23
\BOOKMARK [0][-]{chapter.5}{Satz von Bayes}{}% 24
\BOOKMARK [1][-]{section.5.1}{Bayes-Formel}{chapter.5}% 25
\BOOKMARK [0][-]{chapter.6}{Zufallsvariablen \(ZV\)}{}% 26
\BOOKMARK [0][-]{chapter.7}{Harmonische Reihe}{}% 27
\BOOKMARK [1][-]{section.7.1}{Harmonische Reihe}{chapter.7}% 28
\BOOKMARK [2][-]{subsection.7.1.1}{Satz 10.1}{section.7.1}% 29
\BOOKMARK [2][-]{subsection.7.1.2}{Satz 10.2, Euler, 1734}{section.7.1}% 30
\BOOKMARK [1][-]{section.7.2}{Alternierende harm.Reihe}{chapter.7}% 31
\BOOKMARK [0][-]{chapter.8}{Diskrete Verteilungen}{}% 32
\BOOKMARK [1][-]{section.8.1}{Uniforme Verteilungen}{chapter.8}% 33
\BOOKMARK [1][-]{section.8.2}{Binomialverteilung}{chapter.8}% 34
\BOOKMARK [0][-]{chapter.9}{Geometrische Verteilung}{}% 35
\BOOKMARK [0][-]{chapter.10}{Poisson Verteilung}{}% 36
\BOOKMARK [1][-]{section.10.1}{Exkurs \374ber die Zahl e}{chapter.10}% 37
\BOOKMARK [1][-]{section.10.2}{Poisson Verteilung}{chapter.10}% 38
\BOOKMARK [2][-]{subsection.10.2.1}{Satz 11.6: Poisson-Grenzwertsatz}{section.10.2}% 39
\BOOKMARK [2][-]{subsection.10.2.2}{Satz 11.7}{section.10.2}% 40
\BOOKMARK [0][-]{chapter.11}{Varianz und Kovarianz}{}% 41
\BOOKMARK [1][-]{section.11.1}{Satz 14.1}{chapter.11}% 42
\BOOKMARK [1][-]{section.11.2}{Satz 14.2}{chapter.11}% 43
